-------------------------------------------------------------------------------
Test set: com.javatechie.solar.api.SpringDataSolarApplicationTests
-------------------------------------------------------------------------------
Tests run: 1, Failures: 0, Errors: 1, Skipped: 0, Time elapsed: 0.523 s <<< FAILURE! - in com.javatechie.solar.api.SpringDataSolarApplicationTests
initializationError(com.javatechie.solar.api.SpringDataSolarApplicationTests)  Time elapsed: 0 s  <<< ERROR!
java.lang.IllegalStateException: Unable to find a @SpringBootConfiguration, you need to use @ContextConfiguration or @SpringBootTest(classes=...) with your test

